


ARM Macro Assembler    Page 1 


    1 00000000         ;*******************************************************
                       ********************************************************
                       ***************************
    2 00000000         ; 文件名称: startup_SWM260.s
    3 00000000         ; 功能说明: SWM260单片机的启动文件
    4 00000000         ; 技术支持: http://www.synwit.com.cn/e/tool/gbook/?bid=1
                       
    5 00000000         ; 注意事项:
    6 00000000         ; 版本日期: V1.0.0  2016年1月30日
    7 00000000         ; 升级记录:
    8 00000000         ;
    9 00000000         ;
   10 00000000         ;*******************************************************
                       ********************************************************
                       ***************************
   11 00000000         ; @attention
   12 00000000         ;
   13 00000000         ; THE PRESENT FIRMWARE WHICH IS FOR GUIDANCE ONLY AIMS A
                       T PROVIDING CUSTOMERS WITH CODING INFORMATION
   14 00000000         ; REGARDING THEIR PRODUCTS IN ORDER FOR THEM TO SAVE TIM
                       E. AS A RESULT, SYNWIT SHALL NOT BE HELD LIABLE
   15 00000000         ; FOR ANY DIRECT, INDIRECT OR CONSEQUENTIAL DAMAGES WITH
                        RESPECT TO ANY CLAIMS ARISING FROM THE CONTENT
   16 00000000         ; OF SUCH FIRMWARE AND/OR THE USE MADE BY CUSTOMERS OF T
                       HE CODING INFORMATION CONTAINED HEREIN IN CONN-
   17 00000000         ; -ECTION WITH THEIR PRODUCTS.
   18 00000000         ;
   19 00000000         ; COPYRIGHT 2012 Synwit Technology
   20 00000000         ;*******************************************************
                       ********************************************************
                       ***************************
   21 00000000         
   22 00000000         
   23 00000000         ; Amount of memory (in bytes) allocated for Stack
   24 00000000 00000400 
                       Stack_Size
                               EQU              0x00000400
   25 00000000         
   26 00000000                 AREA             STACK, NOINIT, READWRITE, ALIGN
=3
   27 00000000         Stack_Mem
                               SPACE            Stack_Size
   28 00000400         __initial_sp
   29 00000400         
   30 00000400         
   31 00000400         ; Amount of memory (in bytes) allocated for Heap
   32 00000400 00000000 
                       Heap_Size
                               EQU              0x00000000
   33 00000400         
   34 00000400                 AREA             HEAP, NOINIT, READWRITE, ALIGN=
3
   35 00000000         __heap_base
   36 00000000         Heap_Mem
                               SPACE            Heap_Size
   37 00000000         __heap_limit
   38 00000000         
   39 00000000         
   40 00000000                 PRESERVE8



ARM Macro Assembler    Page 2 


   41 00000000                 THUMB
   42 00000000         
   43 00000000         ; Vector Table Mapped to Address 0 at Reset
   44 00000000                 AREA             RESET, DATA, READONLY
   45 00000000                 EXPORT           __Vectors
   46 00000000                 EXPORT           __Vectors_End
   47 00000000                 EXPORT           __Vectors_Size
   48 00000000         
   49 00000000 00000000 
                       __Vectors
                               DCD              __initial_sp ; Top of Stack
   50 00000004 00000000        DCD              Reset_Handler ; Reset Handler
   51 00000008 00000000        DCD              NMI_Handler ; NMI Handler
   52 0000000C 00000000        DCD              HardFault_Handler ; Hard Fault 
                                                            Handler
   53 00000010 00000000        DCD              0           ; Reserved
   54 00000014 00000000        DCD              0           ; Reserved
   55 00000018 00000000        DCD              0           ; Reserved
   56 0000001C 00000000        DCD              0           ; Reserved
   57 00000020 00000000        DCD              0           ; Reserved
   58 00000024 00000000        DCD              0           ; Reserved
   59 00000028 00000000        DCD              0
   60 0000002C 00000000        DCD              SVC_Handler ; SVCall Handler
   61 00000030 00000000        DCD              0           ; Reserved
   62 00000034 00000000        DCD              0           ; Reserved
   63 00000038 00000000        DCD              PendSV_Handler ; PendSV Handler
                                                            
   64 0000003C 00000000        DCD              SysTick_Handler 
                                                            ; SysTick Handler
   65 00000040         
   66 00000040         ; External Interrupts
   67 00000040 00000000        DCD              UART0_Handler
   68 00000044 00000000        DCD              TIMR0_Handler
   69 00000048 00000000        DCD              SPI0_Handler
   70 0000004C 00000000        DCD              UART1_Handler
   71 00000050 00000000        DCD              UART2_Handler
   72 00000054 00000000        DCD              TIMR1_Handler
   73 00000058 00000000        DCD              DMA_Handler
   74 0000005C 00000000        DCD              PWM0_Handler
   75 00000060 00000000        DCD              BTIMR0_Handler
   76 00000064 00000000        DCD              TIMR2_Handler
   77 00000068 00000000        DCD              TIMR3_Handler
   78 0000006C 00000000        DCD              WDT_Handler
   79 00000070 00000000        DCD              I2C4_Handler
   80 00000074 00000000        DCD              UART3_Handler
   81 00000078 00000000        DCD              ADC0_Handler
   82 0000007C 00000000        DCD              BTIMR1_Handler
   83 00000080 00000000        DCD              GPIOA9_GPIOC6_Handler
   84 00000084 00000000        DCD              GPIOA6_GPIOC7_Handler
   85 00000088 00000000        DCD              GPIOA7_GPIOC8_Handler
   86 0000008C 00000000        DCD              GPIOA8_GPIOC9_Handler
   87 00000090 00000000        DCD              GPIOA10_GPIOC10_Handler
   88 00000094 00000000        DCD              GPIOA13_GPIOC12_Handler
   89 00000098 00000000        DCD              GPIOA12_GPIOC13_Handler
   90 0000009C 00000000        DCD              GPIOA11_GPIOC14_Handler
   91 000000A0 00000000        DCD              XTALSTOPDET_GPIOC0_Handler
   92 000000A4 00000000        DCD              BTIMR2_GPIOB12_Handler
   93 000000A8 00000000        DCD              PWM1_GPIOA1_Handler
   94 000000AC 00000000        DCD              PWM2_UART4_Handler



ARM Macro Assembler    Page 3 


   95 000000B0 00000000        DCD              BOD_PWMHALT_Handler
   96 000000B4 00000000        DCD              PWM3_GPIOB_ACMP_Handler
   97 000000B8 00000000        DCD              SPI1_HALL_GPIOD_Handler
   98 000000BC 00000000        DCD              BTIMR3_RTC_Handler
   99 000000C0         
  100 000000C0         __Vectors_End
  101 000000C0         
  102 000000C0 000000C0 
                       __Vectors_Size
                               EQU              __Vectors_End - __Vectors
  103 000000C0         
  104 000000C0         
  105 000000C0         
  106 000000C0                 AREA             |.text|, CODE, READONLY
  107 00000000         
  108 00000000         Reset_Handler
                               PROC
  109 00000000                 EXPORT           Reset_Handler          [WEAK]
  110 00000000                 IMPORT           __main
  111 00000000 4813            LDR              R0, =__main
  112 00000002 4700            BX               R0
  113 00000004                 ENDP
  114 00000004         
  115 00000004         ; Dummy Exception Handlers (infinite loops which can be 
                       modified)
  116 00000004         
  117 00000004         NMI_Handler
                               PROC
  118 00000004                 EXPORT           NMI_Handler             [WEAK]
  119 00000004 E7FE            B                .
  120 00000006                 ENDP
  121 00000006         
  122 00000006         HardFault_Handler
                               PROC
  123 00000006                 EXPORT           HardFault_Handler       [WEAK]
  124 00000006 E7FE            B                .
  125 00000008                 ENDP
  126 00000008         
  127 00000008         SVC_Handler
                               PROC
  128 00000008                 EXPORT           SVC_Handler             [WEAK]
  129 00000008 E7FE            B                .
  130 0000000A                 ENDP
  131 0000000A         
  132 0000000A         PendSV_Handler
                               PROC
  133 0000000A                 EXPORT           PendSV_Handler          [WEAK]
  134 0000000A E7FE            B                .
  135 0000000C                 ENDP
  136 0000000C         
  137 0000000C         SysTick_Handler
                               PROC
  138 0000000C                 EXPORT           SysTick_Handler         [WEAK]
  139 0000000C E7FE            B                .
  140 0000000E                 ENDP
  141 0000000E         
  142 0000000E         UART0_Handler
                               PROC
  143 0000000E                 EXPORT           UART0_Handler           [WEAK]



ARM Macro Assembler    Page 4 


  144 0000000E E7FE            B                .
  145 00000010                 ENDP
  146 00000010         
  147 00000010         TIMR0_Handler
                               PROC
  148 00000010                 EXPORT           TIMR0_Handler           [WEAK]
  149 00000010 E7FE            B                .
  150 00000012                 ENDP
  151 00000012         
  152 00000012         SPI0_Handler
                               PROC
  153 00000012                 EXPORT           SPI0_Handler            [WEAK]
  154 00000012 E7FE            B                .
  155 00000014                 ENDP
  156 00000014         
  157 00000014         UART1_Handler
                               PROC
  158 00000014                 EXPORT           UART1_Handler           [WEAK]
  159 00000014 E7FE            B                .
  160 00000016                 ENDP
  161 00000016         
  162 00000016         UART2_Handler
                               PROC
  163 00000016                 EXPORT           UART2_Handler          [WEAK]
  164 00000016 E7FE            B                .
  165 00000018                 ENDP
  166 00000018         
  167 00000018         TIMR1_Handler
                               PROC
  168 00000018                 EXPORT           TIMR1_Handler           [WEAK]
  169 00000018 E7FE            B                .
  170 0000001A                 ENDP
  171 0000001A         
  172 0000001A         DMA_Handler
                               PROC
  173 0000001A                 EXPORT           DMA_Handler             [WEAK]
  174 0000001A E7FE            B                .
  175 0000001C                 ENDP
  176 0000001C         
  177 0000001C         PWM0_Handler
                               PROC
  178 0000001C                 EXPORT           PWM0_Handler            [WEAK]
  179 0000001C E7FE            B                .
  180 0000001E                 ENDP
  181 0000001E         
  182 0000001E         BTIMR0_Handler
                               PROC
  183 0000001E                 EXPORT           BTIMR0_Handler          [WEAK]
  184 0000001E E7FE            B                .
  185 00000020                 ENDP
  186 00000020         
  187 00000020         TIMR2_Handler
                               PROC
  188 00000020                 EXPORT           TIMR2_Handler           [WEAK]
  189 00000020 E7FE            B                .
  190 00000022                 ENDP
  191 00000022         
  192 00000022         TIMR3_Handler
                               PROC



ARM Macro Assembler    Page 5 


  193 00000022                 EXPORT           TIMR3_Handler           [WEAK]
  194 00000022 E7FE            B                .
  195 00000024                 ENDP
  196 00000024         
  197 00000024         WDT_Handler
                               PROC
  198 00000024                 EXPORT           WDT_Handler             [WEAK]
  199 00000024 E7FE            B                .
  200 00000026                 ENDP
  201 00000026         
  202 00000026         I2C4_Handler
                               PROC
  203 00000026                 EXPORT           I2C4_Handler            [WEAK]
  204 00000026 E7FE            B                .
  205 00000028                 ENDP
  206 00000028         
  207 00000028         UART3_Handler
                               PROC
  208 00000028                 EXPORT           UART3_Handler           [WEAK]
  209 00000028 E7FE            B                .
  210 0000002A                 ENDP
  211 0000002A         
  212 0000002A         ADC0_Handler
                               PROC
  213 0000002A                 EXPORT           ADC0_Handler            [WEAK]
  214 0000002A E7FE            B                .
  215 0000002C                 ENDP
  216 0000002C         
  217 0000002C         BTIMR1_Handler
                               PROC
  218 0000002C                 EXPORT           BTIMR1_Handler          [WEAK]
  219 0000002C E7FE            B                .
  220 0000002E                 ENDP
  221 0000002E         
  222 0000002E         GPIOA9_GPIOC6_Handler
                               PROC
  223 0000002E                 EXPORT           GPIOA9_GPIOC6_Handler   [WEAK]
  224 0000002E E7FE            B                .
  225 00000030                 ENDP
  226 00000030         
  227 00000030         GPIOA6_GPIOC7_Handler
                               PROC
  228 00000030                 EXPORT           GPIOA6_GPIOC7_Handler   [WEAK]
  229 00000030 E7FE            B                .
  230 00000032                 ENDP
  231 00000032         
  232 00000032         GPIOA7_GPIOC8_Handler
                               PROC
  233 00000032                 EXPORT           GPIOA7_GPIOC8_Handler   [WEAK]
  234 00000032 E7FE            B                .
  235 00000034                 ENDP
  236 00000034         
  237 00000034         GPIOA8_GPIOC9_Handler
                               PROC
  238 00000034                 EXPORT           GPIOA8_GPIOC9_Handler   [WEAK]
  239 00000034 E7FE            B                .
  240 00000036                 ENDP
  241 00000036         
  242 00000036         GPIOA10_GPIOC10_Handler



ARM Macro Assembler    Page 6 


                               PROC
  243 00000036                 EXPORT           GPIOA10_GPIOC10_Handler [WEAK]
  244 00000036 E7FE            B                .
  245 00000038                 ENDP
  246 00000038         
  247 00000038         GPIOA13_GPIOC12_Handler
                               PROC
  248 00000038                 EXPORT           GPIOA13_GPIOC12_Handler [WEAK]
  249 00000038 E7FE            B                .
  250 0000003A                 ENDP
  251 0000003A         
  252 0000003A         GPIOA12_GPIOC13_Handler
                               PROC
  253 0000003A                 EXPORT           GPIOA12_GPIOC13_Handler [WEAK]
  254 0000003A E7FE            B                .
  255 0000003C                 ENDP
  256 0000003C         
  257 0000003C         GPIOA11_GPIOC14_Handler
                               PROC
  258 0000003C                 EXPORT           GPIOA11_GPIOC14_Handler [WEAK]
  259 0000003C E7FE            B                .
  260 0000003E                 ENDP
  261 0000003E         
  262 0000003E         XTALSTOPDET_GPIOC0_Handler
                               PROC
  263 0000003E                 EXPORT           XTALSTOPDET_GPIOC0_Handler [WEA
K]
  264 0000003E E7FE            B                .
  265 00000040                 ENDP
  266 00000040         
  267 00000040         BTIMR2_GPIOB12_Handler
                               PROC
  268 00000040                 EXPORT           BTIMR2_GPIOB12_Handler  [WEAK]
  269 00000040 E7FE            B                .
  270 00000042                 ENDP
  271 00000042         
  272 00000042         PWM1_GPIOA1_Handler
                               PROC
  273 00000042                 EXPORT           PWM1_GPIOA1_Handler     [WEAK]
  274 00000042 E7FE            B                .
  275 00000044                 ENDP
  276 00000044         
  277 00000044         PWM2_UART4_Handler
                               PROC
  278 00000044                 EXPORT           PWM2_UART4_Handler      [WEAK]
  279 00000044 E7FE            B                .
  280 00000046                 ENDP
  281 00000046         
  282 00000046         BOD_PWMHALT_Handler
                               PROC
  283 00000046                 EXPORT           BOD_PWMHALT_Handler     [WEAK]
  284 00000046 E7FE            B                .
  285 00000048                 ENDP
  286 00000048         
  287 00000048         PWM3_GPIOB_ACMP_Handler
                               PROC
  288 00000048                 EXPORT           PWM3_GPIOB_ACMP_Handler [WEAK]
  289 00000048 E7FE            B                .
  290 0000004A                 ENDP



ARM Macro Assembler    Page 7 


  291 0000004A         
  292 0000004A         SPI1_HALL_GPIOD_Handler
                               PROC
  293 0000004A                 EXPORT           SPI1_HALL_GPIOD_Handler [WEAK]
  294 0000004A E7FE            B                .
  295 0000004C                 ENDP
  296 0000004C         
  297 0000004C         BTIMR3_RTC_Handler
                               PROC
  298 0000004C                 EXPORT           BTIMR3_RTC_Handler      [WEAK]
  299 0000004C E7FE            B                .
  300 0000004E                 ENDP
  301 0000004E         
  302 0000004E 00 00           ALIGN
  303 00000050         
  304 00000050         
  305 00000050         ;*******************************************************
                       ************************
  306 00000050         ; User Stack and Heap initialization
  307 00000050         ;*******************************************************
                       ************************
  308 00000050                 IF               :DEF:__MICROLIB
  309 00000050         
  310 00000050                 EXPORT           __initial_sp
  311 00000050                 EXPORT           __heap_base
  312 00000050                 EXPORT           __heap_limit
  313 00000050         
  314 00000050                 ELSE
  329                          ENDIF
  330 00000050         
  331 00000050                 END
              00000000 
Command Line: --debug --xref --diag_suppress=9931 --cpu=Cortex-M0 --apcs=interw
ork --depend=.\out\startup_swm260.d -o.\out\startup_swm260.o -I.\RTE\_SWM260 -I
C:\Users\xueji\AppData\Local\Arm\Packs\ARM\CMSIS\5.7.0\CMSIS\Core\Include -IC:\
Users\xueji\AppData\Local\Arm\Packs\Synwit\SWM32_DFP\1.8.4\CSL\SWM260\CMSIS\Dev
iceSupport --predefine="__MICROLIB SETA 1" --predefine="__UVISION_VERSION SETA 
533" --predefine="_RTE_ SETA 1" --predefine="_RTE_ SETA 1" --list=.\out\startup
_swm260.lst ..\..\SWM260_StdPeriph_Driver\CSL\CMSIS\DeviceSupport\startup\arm\s
tartup_SWM260.s



ARM Macro Assembler    Page 1 Alphabetic symbol ordering
Relocatable symbols

STACK 00000000

Symbol: STACK
   Definitions
      At line 26 in file ..\..\SWM260_StdPeriph_Driver\CSL\CMSIS\DeviceSupport\
startup\arm\startup_SWM260.s
   Uses
      None
Comment: STACK unused
Stack_Mem 00000000

Symbol: Stack_Mem
   Definitions
      At line 27 in file ..\..\SWM260_StdPeriph_Driver\CSL\CMSIS\DeviceSupport\
startup\arm\startup_SWM260.s
   Uses
      None
Comment: Stack_Mem unused
__initial_sp 00000400

Symbol: __initial_sp
   Definitions
      At line 28 in file ..\..\SWM260_StdPeriph_Driver\CSL\CMSIS\DeviceSupport\
startup\arm\startup_SWM260.s
   Uses
      At line 49 in file ..\..\SWM260_StdPeriph_Driver\CSL\CMSIS\DeviceSupport\
startup\arm\startup_SWM260.s
      At line 310 in file ..\..\SWM260_StdPeriph_Driver\CSL\CMSIS\DeviceSupport
\startup\arm\startup_SWM260.s

3 symbols



ARM Macro Assembler    Page 1 Alphabetic symbol ordering
Relocatable symbols

HEAP 00000000

Symbol: HEAP
   Definitions
      At line 34 in file ..\..\SWM260_StdPeriph_Driver\CSL\CMSIS\DeviceSupport\
startup\arm\startup_SWM260.s
   Uses
      None
Comment: HEAP unused
Heap_Mem 00000000

Symbol: Heap_Mem
   Definitions
      At line 36 in file ..\..\SWM260_StdPeriph_Driver\CSL\CMSIS\DeviceSupport\
startup\arm\startup_SWM260.s
   Uses
      None
Comment: Heap_Mem unused
__heap_base 00000000

Symbol: __heap_base
   Definitions
      At line 35 in file ..\..\SWM260_StdPeriph_Driver\CSL\CMSIS\DeviceSupport\
startup\arm\startup_SWM260.s
   Uses
      At line 311 in file ..\..\SWM260_StdPeriph_Driver\CSL\CMSIS\DeviceSupport
\startup\arm\startup_SWM260.s
Comment: __heap_base used once
__heap_limit 00000000

Symbol: __heap_limit
   Definitions
      At line 37 in file ..\..\SWM260_StdPeriph_Driver\CSL\CMSIS\DeviceSupport\
startup\arm\startup_SWM260.s
   Uses
      At line 312 in file ..\..\SWM260_StdPeriph_Driver\CSL\CMSIS\DeviceSupport
\startup\arm\startup_SWM260.s
Comment: __heap_limit used once
4 symbols



ARM Macro Assembler    Page 1 Alphabetic symbol ordering
Relocatable symbols

RESET 00000000

Symbol: RESET
   Definitions
      At line 44 in file ..\..\SWM260_StdPeriph_Driver\CSL\CMSIS\DeviceSupport\
startup\arm\startup_SWM260.s
   Uses
      None
Comment: RESET unused
__Vectors 00000000

Symbol: __Vectors
   Definitions
      At line 49 in file ..\..\SWM260_StdPeriph_Driver\CSL\CMSIS\DeviceSupport\
startup\arm\startup_SWM260.s
   Uses
      At line 45 in file ..\..\SWM260_StdPeriph_Driver\CSL\CMSIS\DeviceSupport\
startup\arm\startup_SWM260.s
      At line 102 in file ..\..\SWM260_StdPeriph_Driver\CSL\CMSIS\DeviceSupport
\startup\arm\startup_SWM260.s

__Vectors_End 000000C0

Symbol: __Vectors_End
   Definitions
      At line 100 in file ..\..\SWM260_StdPeriph_Driver\CSL\CMSIS\DeviceSupport
\startup\arm\startup_SWM260.s
   Uses
      At line 46 in file ..\..\SWM260_StdPeriph_Driver\CSL\CMSIS\DeviceSupport\
startup\arm\startup_SWM260.s
      At line 102 in file ..\..\SWM260_StdPeriph_Driver\CSL\CMSIS\DeviceSupport
\startup\arm\startup_SWM260.s

3 symbols



ARM Macro Assembler    Page 1 Alphabetic symbol ordering
Relocatable symbols

.text 00000000

Symbol: .text
   Definitions
      At line 106 in file ..\..\SWM260_StdPeriph_Driver\CSL\CMSIS\DeviceSupport
\startup\arm\startup_SWM260.s
   Uses
      None
Comment: .text unused
ADC0_Handler 0000002A

Symbol: ADC0_Handler
   Definitions
      At line 212 in file ..\..\SWM260_StdPeriph_Driver\CSL\CMSIS\DeviceSupport
\startup\arm\startup_SWM260.s
   Uses
      At line 81 in file ..\..\SWM260_StdPeriph_Driver\CSL\CMSIS\DeviceSupport\
startup\arm\startup_SWM260.s
      At line 213 in file ..\..\SWM260_StdPeriph_Driver\CSL\CMSIS\DeviceSupport
\startup\arm\startup_SWM260.s

BOD_PWMHALT_Handler 00000046

Symbol: BOD_PWMHALT_Handler
   Definitions
      At line 282 in file ..\..\SWM260_StdPeriph_Driver\CSL\CMSIS\DeviceSupport
\startup\arm\startup_SWM260.s
   Uses
      At line 95 in file ..\..\SWM260_StdPeriph_Driver\CSL\CMSIS\DeviceSupport\
startup\arm\startup_SWM260.s
      At line 283 in file ..\..\SWM260_StdPeriph_Driver\CSL\CMSIS\DeviceSupport
\startup\arm\startup_SWM260.s

BTIMR0_Handler 0000001E

Symbol: BTIMR0_Handler
   Definitions
      At line 182 in file ..\..\SWM260_StdPeriph_Driver\CSL\CMSIS\DeviceSupport
\startup\arm\startup_SWM260.s
   Uses
      At line 75 in file ..\..\SWM260_StdPeriph_Driver\CSL\CMSIS\DeviceSupport\
startup\arm\startup_SWM260.s
      At line 183 in file ..\..\SWM260_StdPeriph_Driver\CSL\CMSIS\DeviceSupport
\startup\arm\startup_SWM260.s

BTIMR1_Handler 0000002C

Symbol: BTIMR1_Handler
   Definitions
      At line 217 in file ..\..\SWM260_StdPeriph_Driver\CSL\CMSIS\DeviceSupport
\startup\arm\startup_SWM260.s
   Uses
      At line 82 in file ..\..\SWM260_StdPeriph_Driver\CSL\CMSIS\DeviceSupport\
startup\arm\startup_SWM260.s
      At line 218 in file ..\..\SWM260_StdPeriph_Driver\CSL\CMSIS\DeviceSupport
\startup\arm\startup_SWM260.s

BTIMR2_GPIOB12_Handler 00000040




ARM Macro Assembler    Page 2 Alphabetic symbol ordering
Relocatable symbols

Symbol: BTIMR2_GPIOB12_Handler
   Definitions
      At line 267 in file ..\..\SWM260_StdPeriph_Driver\CSL\CMSIS\DeviceSupport
\startup\arm\startup_SWM260.s
   Uses
      At line 92 in file ..\..\SWM260_StdPeriph_Driver\CSL\CMSIS\DeviceSupport\
startup\arm\startup_SWM260.s
      At line 268 in file ..\..\SWM260_StdPeriph_Driver\CSL\CMSIS\DeviceSupport
\startup\arm\startup_SWM260.s

BTIMR3_RTC_Handler 0000004C

Symbol: BTIMR3_RTC_Handler
   Definitions
      At line 297 in file ..\..\SWM260_StdPeriph_Driver\CSL\CMSIS\DeviceSupport
\startup\arm\startup_SWM260.s
   Uses
      At line 98 in file ..\..\SWM260_StdPeriph_Driver\CSL\CMSIS\DeviceSupport\
startup\arm\startup_SWM260.s
      At line 298 in file ..\..\SWM260_StdPeriph_Driver\CSL\CMSIS\DeviceSupport
\startup\arm\startup_SWM260.s

DMA_Handler 0000001A

Symbol: DMA_Handler
   Definitions
      At line 172 in file ..\..\SWM260_StdPeriph_Driver\CSL\CMSIS\DeviceSupport
\startup\arm\startup_SWM260.s
   Uses
      At line 73 in file ..\..\SWM260_StdPeriph_Driver\CSL\CMSIS\DeviceSupport\
startup\arm\startup_SWM260.s
      At line 173 in file ..\..\SWM260_StdPeriph_Driver\CSL\CMSIS\DeviceSupport
\startup\arm\startup_SWM260.s

GPIOA10_GPIOC10_Handler 00000036

Symbol: GPIOA10_GPIOC10_Handler
   Definitions
      At line 242 in file ..\..\SWM260_StdPeriph_Driver\CSL\CMSIS\DeviceSupport
\startup\arm\startup_SWM260.s
   Uses
      At line 87 in file ..\..\SWM260_StdPeriph_Driver\CSL\CMSIS\DeviceSupport\
startup\arm\startup_SWM260.s
      At line 243 in file ..\..\SWM260_StdPeriph_Driver\CSL\CMSIS\DeviceSupport
\startup\arm\startup_SWM260.s

GPIOA11_GPIOC14_Handler 0000003C

Symbol: GPIOA11_GPIOC14_Handler
   Definitions
      At line 257 in file ..\..\SWM260_StdPeriph_Driver\CSL\CMSIS\DeviceSupport
\startup\arm\startup_SWM260.s
   Uses
      At line 90 in file ..\..\SWM260_StdPeriph_Driver\CSL\CMSIS\DeviceSupport\
startup\arm\startup_SWM260.s
      At line 258 in file ..\..\SWM260_StdPeriph_Driver\CSL\CMSIS\DeviceSupport
\startup\arm\startup_SWM260.s

GPIOA12_GPIOC13_Handler 0000003A



ARM Macro Assembler    Page 3 Alphabetic symbol ordering
Relocatable symbols


Symbol: GPIOA12_GPIOC13_Handler
   Definitions
      At line 252 in file ..\..\SWM260_StdPeriph_Driver\CSL\CMSIS\DeviceSupport
\startup\arm\startup_SWM260.s
   Uses
      At line 89 in file ..\..\SWM260_StdPeriph_Driver\CSL\CMSIS\DeviceSupport\
startup\arm\startup_SWM260.s
      At line 253 in file ..\..\SWM260_StdPeriph_Driver\CSL\CMSIS\DeviceSupport
\startup\arm\startup_SWM260.s

GPIOA13_GPIOC12_Handler 00000038

Symbol: GPIOA13_GPIOC12_Handler
   Definitions
      At line 247 in file ..\..\SWM260_StdPeriph_Driver\CSL\CMSIS\DeviceSupport
\startup\arm\startup_SWM260.s
   Uses
      At line 88 in file ..\..\SWM260_StdPeriph_Driver\CSL\CMSIS\DeviceSupport\
startup\arm\startup_SWM260.s
      At line 248 in file ..\..\SWM260_StdPeriph_Driver\CSL\CMSIS\DeviceSupport
\startup\arm\startup_SWM260.s

GPIOA6_GPIOC7_Handler 00000030

Symbol: GPIOA6_GPIOC7_Handler
   Definitions
      At line 227 in file ..\..\SWM260_StdPeriph_Driver\CSL\CMSIS\DeviceSupport
\startup\arm\startup_SWM260.s
   Uses
      At line 84 in file ..\..\SWM260_StdPeriph_Driver\CSL\CMSIS\DeviceSupport\
startup\arm\startup_SWM260.s
      At line 228 in file ..\..\SWM260_StdPeriph_Driver\CSL\CMSIS\DeviceSupport
\startup\arm\startup_SWM260.s

GPIOA7_GPIOC8_Handler 00000032

Symbol: GPIOA7_GPIOC8_Handler
   Definitions
      At line 232 in file ..\..\SWM260_StdPeriph_Driver\CSL\CMSIS\DeviceSupport
\startup\arm\startup_SWM260.s
   Uses
      At line 85 in file ..\..\SWM260_StdPeriph_Driver\CSL\CMSIS\DeviceSupport\
startup\arm\startup_SWM260.s
      At line 233 in file ..\..\SWM260_StdPeriph_Driver\CSL\CMSIS\DeviceSupport
\startup\arm\startup_SWM260.s

GPIOA8_GPIOC9_Handler 00000034

Symbol: GPIOA8_GPIOC9_Handler
   Definitions
      At line 237 in file ..\..\SWM260_StdPeriph_Driver\CSL\CMSIS\DeviceSupport
\startup\arm\startup_SWM260.s
   Uses
      At line 86 in file ..\..\SWM260_StdPeriph_Driver\CSL\CMSIS\DeviceSupport\
startup\arm\startup_SWM260.s
      At line 238 in file ..\..\SWM260_StdPeriph_Driver\CSL\CMSIS\DeviceSupport
\startup\arm\startup_SWM260.s




ARM Macro Assembler    Page 4 Alphabetic symbol ordering
Relocatable symbols

GPIOA9_GPIOC6_Handler 0000002E

Symbol: GPIOA9_GPIOC6_Handler
   Definitions
      At line 222 in file ..\..\SWM260_StdPeriph_Driver\CSL\CMSIS\DeviceSupport
\startup\arm\startup_SWM260.s
   Uses
      At line 83 in file ..\..\SWM260_StdPeriph_Driver\CSL\CMSIS\DeviceSupport\
startup\arm\startup_SWM260.s
      At line 223 in file ..\..\SWM260_StdPeriph_Driver\CSL\CMSIS\DeviceSupport
\startup\arm\startup_SWM260.s

HardFault_Handler 00000006

Symbol: HardFault_Handler
   Definitions
      At line 122 in file ..\..\SWM260_StdPeriph_Driver\CSL\CMSIS\DeviceSupport
\startup\arm\startup_SWM260.s
   Uses
      At line 52 in file ..\..\SWM260_StdPeriph_Driver\CSL\CMSIS\DeviceSupport\
startup\arm\startup_SWM260.s
      At line 123 in file ..\..\SWM260_StdPeriph_Driver\CSL\CMSIS\DeviceSupport
\startup\arm\startup_SWM260.s

I2C4_Handler 00000026

Symbol: I2C4_Handler
   Definitions
      At line 202 in file ..\..\SWM260_StdPeriph_Driver\CSL\CMSIS\DeviceSupport
\startup\arm\startup_SWM260.s
   Uses
      At line 79 in file ..\..\SWM260_StdPeriph_Driver\CSL\CMSIS\DeviceSupport\
startup\arm\startup_SWM260.s
      At line 203 in file ..\..\SWM260_StdPeriph_Driver\CSL\CMSIS\DeviceSupport
\startup\arm\startup_SWM260.s

NMI_Handler 00000004

Symbol: NMI_Handler
   Definitions
      At line 117 in file ..\..\SWM260_StdPeriph_Driver\CSL\CMSIS\DeviceSupport
\startup\arm\startup_SWM260.s
   Uses
      At line 51 in file ..\..\SWM260_StdPeriph_Driver\CSL\CMSIS\DeviceSupport\
startup\arm\startup_SWM260.s
      At line 118 in file ..\..\SWM260_StdPeriph_Driver\CSL\CMSIS\DeviceSupport
\startup\arm\startup_SWM260.s

PWM0_Handler 0000001C

Symbol: PWM0_Handler
   Definitions
      At line 177 in file ..\..\SWM260_StdPeriph_Driver\CSL\CMSIS\DeviceSupport
\startup\arm\startup_SWM260.s
   Uses
      At line 74 in file ..\..\SWM260_StdPeriph_Driver\CSL\CMSIS\DeviceSupport\
startup\arm\startup_SWM260.s
      At line 178 in file ..\..\SWM260_StdPeriph_Driver\CSL\CMSIS\DeviceSupport
\startup\arm\startup_SWM260.s



ARM Macro Assembler    Page 5 Alphabetic symbol ordering
Relocatable symbols


PWM1_GPIOA1_Handler 00000042

Symbol: PWM1_GPIOA1_Handler
   Definitions
      At line 272 in file ..\..\SWM260_StdPeriph_Driver\CSL\CMSIS\DeviceSupport
\startup\arm\startup_SWM260.s
   Uses
      At line 93 in file ..\..\SWM260_StdPeriph_Driver\CSL\CMSIS\DeviceSupport\
startup\arm\startup_SWM260.s
      At line 273 in file ..\..\SWM260_StdPeriph_Driver\CSL\CMSIS\DeviceSupport
\startup\arm\startup_SWM260.s

PWM2_UART4_Handler 00000044

Symbol: PWM2_UART4_Handler
   Definitions
      At line 277 in file ..\..\SWM260_StdPeriph_Driver\CSL\CMSIS\DeviceSupport
\startup\arm\startup_SWM260.s
   Uses
      At line 94 in file ..\..\SWM260_StdPeriph_Driver\CSL\CMSIS\DeviceSupport\
startup\arm\startup_SWM260.s
      At line 278 in file ..\..\SWM260_StdPeriph_Driver\CSL\CMSIS\DeviceSupport
\startup\arm\startup_SWM260.s

PWM3_GPIOB_ACMP_Handler 00000048

Symbol: PWM3_GPIOB_ACMP_Handler
   Definitions
      At line 287 in file ..\..\SWM260_StdPeriph_Driver\CSL\CMSIS\DeviceSupport
\startup\arm\startup_SWM260.s
   Uses
      At line 96 in file ..\..\SWM260_StdPeriph_Driver\CSL\CMSIS\DeviceSupport\
startup\arm\startup_SWM260.s
      At line 288 in file ..\..\SWM260_StdPeriph_Driver\CSL\CMSIS\DeviceSupport
\startup\arm\startup_SWM260.s

PendSV_Handler 0000000A

Symbol: PendSV_Handler
   Definitions
      At line 132 in file ..\..\SWM260_StdPeriph_Driver\CSL\CMSIS\DeviceSupport
\startup\arm\startup_SWM260.s
   Uses
      At line 63 in file ..\..\SWM260_StdPeriph_Driver\CSL\CMSIS\DeviceSupport\
startup\arm\startup_SWM260.s
      At line 133 in file ..\..\SWM260_StdPeriph_Driver\CSL\CMSIS\DeviceSupport
\startup\arm\startup_SWM260.s

Reset_Handler 00000000

Symbol: Reset_Handler
   Definitions
      At line 108 in file ..\..\SWM260_StdPeriph_Driver\CSL\CMSIS\DeviceSupport
\startup\arm\startup_SWM260.s
   Uses
      At line 50 in file ..\..\SWM260_StdPeriph_Driver\CSL\CMSIS\DeviceSupport\
startup\arm\startup_SWM260.s
      At line 109 in file ..\..\SWM260_StdPeriph_Driver\CSL\CMSIS\DeviceSupport



ARM Macro Assembler    Page 6 Alphabetic symbol ordering
Relocatable symbols

\startup\arm\startup_SWM260.s

SPI0_Handler 00000012

Symbol: SPI0_Handler
   Definitions
      At line 152 in file ..\..\SWM260_StdPeriph_Driver\CSL\CMSIS\DeviceSupport
\startup\arm\startup_SWM260.s
   Uses
      At line 69 in file ..\..\SWM260_StdPeriph_Driver\CSL\CMSIS\DeviceSupport\
startup\arm\startup_SWM260.s
      At line 153 in file ..\..\SWM260_StdPeriph_Driver\CSL\CMSIS\DeviceSupport
\startup\arm\startup_SWM260.s

SPI1_HALL_GPIOD_Handler 0000004A

Symbol: SPI1_HALL_GPIOD_Handler
   Definitions
      At line 292 in file ..\..\SWM260_StdPeriph_Driver\CSL\CMSIS\DeviceSupport
\startup\arm\startup_SWM260.s
   Uses
      At line 97 in file ..\..\SWM260_StdPeriph_Driver\CSL\CMSIS\DeviceSupport\
startup\arm\startup_SWM260.s
      At line 293 in file ..\..\SWM260_StdPeriph_Driver\CSL\CMSIS\DeviceSupport
\startup\arm\startup_SWM260.s

SVC_Handler 00000008

Symbol: SVC_Handler
   Definitions
      At line 127 in file ..\..\SWM260_StdPeriph_Driver\CSL\CMSIS\DeviceSupport
\startup\arm\startup_SWM260.s
   Uses
      At line 60 in file ..\..\SWM260_StdPeriph_Driver\CSL\CMSIS\DeviceSupport\
startup\arm\startup_SWM260.s
      At line 128 in file ..\..\SWM260_StdPeriph_Driver\CSL\CMSIS\DeviceSupport
\startup\arm\startup_SWM260.s

SysTick_Handler 0000000C

Symbol: SysTick_Handler
   Definitions
      At line 137 in file ..\..\SWM260_StdPeriph_Driver\CSL\CMSIS\DeviceSupport
\startup\arm\startup_SWM260.s
   Uses
      At line 64 in file ..\..\SWM260_StdPeriph_Driver\CSL\CMSIS\DeviceSupport\
startup\arm\startup_SWM260.s
      At line 138 in file ..\..\SWM260_StdPeriph_Driver\CSL\CMSIS\DeviceSupport
\startup\arm\startup_SWM260.s

TIMR0_Handler 00000010

Symbol: TIMR0_Handler
   Definitions
      At line 147 in file ..\..\SWM260_StdPeriph_Driver\CSL\CMSIS\DeviceSupport
\startup\arm\startup_SWM260.s
   Uses
      At line 68 in file ..\..\SWM260_StdPeriph_Driver\CSL\CMSIS\DeviceSupport\
startup\arm\startup_SWM260.s



ARM Macro Assembler    Page 7 Alphabetic symbol ordering
Relocatable symbols

      At line 148 in file ..\..\SWM260_StdPeriph_Driver\CSL\CMSIS\DeviceSupport
\startup\arm\startup_SWM260.s

TIMR1_Handler 00000018

Symbol: TIMR1_Handler
   Definitions
      At line 167 in file ..\..\SWM260_StdPeriph_Driver\CSL\CMSIS\DeviceSupport
\startup\arm\startup_SWM260.s
   Uses
      At line 72 in file ..\..\SWM260_StdPeriph_Driver\CSL\CMSIS\DeviceSupport\
startup\arm\startup_SWM260.s
      At line 168 in file ..\..\SWM260_StdPeriph_Driver\CSL\CMSIS\DeviceSupport
\startup\arm\startup_SWM260.s

TIMR2_Handler 00000020

Symbol: TIMR2_Handler
   Definitions
      At line 187 in file ..\..\SWM260_StdPeriph_Driver\CSL\CMSIS\DeviceSupport
\startup\arm\startup_SWM260.s
   Uses
      At line 76 in file ..\..\SWM260_StdPeriph_Driver\CSL\CMSIS\DeviceSupport\
startup\arm\startup_SWM260.s
      At line 188 in file ..\..\SWM260_StdPeriph_Driver\CSL\CMSIS\DeviceSupport
\startup\arm\startup_SWM260.s

TIMR3_Handler 00000022

Symbol: TIMR3_Handler
   Definitions
      At line 192 in file ..\..\SWM260_StdPeriph_Driver\CSL\CMSIS\DeviceSupport
\startup\arm\startup_SWM260.s
   Uses
      At line 77 in file ..\..\SWM260_StdPeriph_Driver\CSL\CMSIS\DeviceSupport\
startup\arm\startup_SWM260.s
      At line 193 in file ..\..\SWM260_StdPeriph_Driver\CSL\CMSIS\DeviceSupport
\startup\arm\startup_SWM260.s

UART0_Handler 0000000E

Symbol: UART0_Handler
   Definitions
      At line 142 in file ..\..\SWM260_StdPeriph_Driver\CSL\CMSIS\DeviceSupport
\startup\arm\startup_SWM260.s
   Uses
      At line 67 in file ..\..\SWM260_StdPeriph_Driver\CSL\CMSIS\DeviceSupport\
startup\arm\startup_SWM260.s
      At line 143 in file ..\..\SWM260_StdPeriph_Driver\CSL\CMSIS\DeviceSupport
\startup\arm\startup_SWM260.s

UART1_Handler 00000014

Symbol: UART1_Handler
   Definitions
      At line 157 in file ..\..\SWM260_StdPeriph_Driver\CSL\CMSIS\DeviceSupport
\startup\arm\startup_SWM260.s
   Uses
      At line 70 in file ..\..\SWM260_StdPeriph_Driver\CSL\CMSIS\DeviceSupport\



ARM Macro Assembler    Page 8 Alphabetic symbol ordering
Relocatable symbols

startup\arm\startup_SWM260.s
      At line 158 in file ..\..\SWM260_StdPeriph_Driver\CSL\CMSIS\DeviceSupport
\startup\arm\startup_SWM260.s

UART2_Handler 00000016

Symbol: UART2_Handler
   Definitions
      At line 162 in file ..\..\SWM260_StdPeriph_Driver\CSL\CMSIS\DeviceSupport
\startup\arm\startup_SWM260.s
   Uses
      At line 71 in file ..\..\SWM260_StdPeriph_Driver\CSL\CMSIS\DeviceSupport\
startup\arm\startup_SWM260.s
      At line 163 in file ..\..\SWM260_StdPeriph_Driver\CSL\CMSIS\DeviceSupport
\startup\arm\startup_SWM260.s

UART3_Handler 00000028

Symbol: UART3_Handler
   Definitions
      At line 207 in file ..\..\SWM260_StdPeriph_Driver\CSL\CMSIS\DeviceSupport
\startup\arm\startup_SWM260.s
   Uses
      At line 80 in file ..\..\SWM260_StdPeriph_Driver\CSL\CMSIS\DeviceSupport\
startup\arm\startup_SWM260.s
      At line 208 in file ..\..\SWM260_StdPeriph_Driver\CSL\CMSIS\DeviceSupport
\startup\arm\startup_SWM260.s

WDT_Handler 00000024

Symbol: WDT_Handler
   Definitions
      At line 197 in file ..\..\SWM260_StdPeriph_Driver\CSL\CMSIS\DeviceSupport
\startup\arm\startup_SWM260.s
   Uses
      At line 78 in file ..\..\SWM260_StdPeriph_Driver\CSL\CMSIS\DeviceSupport\
startup\arm\startup_SWM260.s
      At line 198 in file ..\..\SWM260_StdPeriph_Driver\CSL\CMSIS\DeviceSupport
\startup\arm\startup_SWM260.s

XTALSTOPDET_GPIOC0_Handler 0000003E

Symbol: XTALSTOPDET_GPIOC0_Handler
   Definitions
      At line 262 in file ..\..\SWM260_StdPeriph_Driver\CSL\CMSIS\DeviceSupport
\startup\arm\startup_SWM260.s
   Uses
      At line 91 in file ..\..\SWM260_StdPeriph_Driver\CSL\CMSIS\DeviceSupport\
startup\arm\startup_SWM260.s
      At line 263 in file ..\..\SWM260_StdPeriph_Driver\CSL\CMSIS\DeviceSupport
\startup\arm\startup_SWM260.s

39 symbols



ARM Macro Assembler    Page 1 Alphabetic symbol ordering
Absolute symbols

Heap_Size 00000000

Symbol: Heap_Size
   Definitions
      At line 32 in file ..\..\SWM260_StdPeriph_Driver\CSL\CMSIS\DeviceSupport\
startup\arm\startup_SWM260.s
   Uses
      At line 36 in file ..\..\SWM260_StdPeriph_Driver\CSL\CMSIS\DeviceSupport\
startup\arm\startup_SWM260.s
Comment: Heap_Size used once
Stack_Size 00000400

Symbol: Stack_Size
   Definitions
      At line 24 in file ..\..\SWM260_StdPeriph_Driver\CSL\CMSIS\DeviceSupport\
startup\arm\startup_SWM260.s
   Uses
      At line 27 in file ..\..\SWM260_StdPeriph_Driver\CSL\CMSIS\DeviceSupport\
startup\arm\startup_SWM260.s
Comment: Stack_Size used once
__Vectors_Size 000000C0

Symbol: __Vectors_Size
   Definitions
      At line 102 in file ..\..\SWM260_StdPeriph_Driver\CSL\CMSIS\DeviceSupport
\startup\arm\startup_SWM260.s
   Uses
      At line 47 in file ..\..\SWM260_StdPeriph_Driver\CSL\CMSIS\DeviceSupport\
startup\arm\startup_SWM260.s
Comment: __Vectors_Size used once
3 symbols



ARM Macro Assembler    Page 1 Alphabetic symbol ordering
External symbols

__main 00000000

Symbol: __main
   Definitions
      At line 110 in file ..\..\SWM260_StdPeriph_Driver\CSL\CMSIS\DeviceSupport
\startup\arm\startup_SWM260.s
   Uses
      At line 111 in file ..\..\SWM260_StdPeriph_Driver\CSL\CMSIS\DeviceSupport
\startup\arm\startup_SWM260.s
Comment: __main used once
1 symbol
388 symbols in table
